<?xml version="1.0" encoding="UTF-8"?>
<!-- Generated by org.testng.reporters.JUnitReportReporter -->
<testsuite skipped="0" hostname="DESKTOP-36BJ06U" name="facebooklogin.com.login" tests="1" failures="0" timestamp="04 Jan 2019 03:28:09 GMT" time="2.219" errors="0">
  <testcase name="verifyGooglePageTittle" time="2.219" classname="facebooklogin.com.login"/>
</testsuite> <!-- facebooklogin.com.login -->
