<?xml version="1.0" encoding="UTF-8"?>
<!-- Generated by org.testng.reporters.JUnitReportReporter -->
<testsuite skipped="0" hostname="DESKTOP-36BJ06U" name="facebooklogin.com.login" tests="1" failures="0" timestamp="15 Dec 2018 09:44:32 GMT" time="6.265" errors="0">
  <testcase name="verifyGooglePageTittle" time="6.265" classname="facebooklogin.com.login"/>
</testsuite> <!-- facebooklogin.com.login -->
